0 verbose cli /opt/homebrew/Cellar/node/25.2.1/bin/node /opt/homebrew/bin/npm
1 info using npm@11.6.2
2 info using node@v25.2.1
3 silly config load:file:/opt/homebrew/lib/node_modules/npm/npmrc
4 silly config load:file:/Users/longduong/Learning/react_ecom/server/.npmrc
5 silly config load:file:/Users/longduong/.npmrc
6 silly config load:file:/opt/homebrew/etc/npmrc
7 verbose title npm install bcryptjs jsonwebtoken
8 verbose argv "install" "bcryptjs" "jsonwebtoken" "--cache" "./npm-cache"
9 verbose logfile logs-max:10 dir:/Users/longduong/Learning/react_ecom/server/npm-cache/_logs/2025-12-23T09_40_38_051Z-
10 verbose logfile /Users/longduong/Learning/react_ecom/server/npm-cache/_logs/2025-12-23T09_40_38_051Z-debug-0.log
11 silly logfile done cleaning log files
12 silly packumentCache heap:4496293888 maxSize:1124073472 maxEntrySize:562036736
13 silly idealTree buildDeps
14 silly fetch manifest bcryptjs@*
15 silly packumentCache full:https://registry.npmjs.org/bcryptjs cache-miss
16 http fetch GET 200 https://registry.npmjs.org/bcryptjs 695ms (cache miss)
17 silly packumentCache full:https://registry.npmjs.org/bcryptjs set size:undefined disposed:false
18 silly fetch manifest jsonwebtoken@*
19 silly packumentCache full:https://registry.npmjs.org/jsonwebtoken cache-miss
20 http fetch GET 200 https://registry.npmjs.org/jsonwebtoken 55ms (cache miss)
21 silly packumentCache full:https://registry.npmjs.org/jsonwebtoken set size:undefined disposed:false
22 silly placeDep ROOT bcryptjs@3.0.3 OK for: react_ecom-server@1.0.0 want: *
23 silly placeDep ROOT jsonwebtoken@9.0.3 OK for: react_ecom-server@1.0.0 want: *
24 silly fetch manifest jws@^4.0.1
25 silly packumentCache full:https://registry.npmjs.org/jws cache-miss
26 silly fetch manifest lodash.includes@^4.3.0
27 silly packumentCache full:https://registry.npmjs.org/lodash.includes cache-miss
28 silly fetch manifest lodash.isboolean@^3.0.3
29 silly packumentCache full:https://registry.npmjs.org/lodash.isboolean cache-miss
30 silly fetch manifest lodash.isinteger@^4.0.4
31 silly packumentCache full:https://registry.npmjs.org/lodash.isinteger cache-miss
32 silly fetch manifest lodash.isnumber@^3.0.3
33 silly packumentCache full:https://registry.npmjs.org/lodash.isnumber cache-miss
34 silly fetch manifest lodash.isplainobject@^4.0.6
35 silly packumentCache full:https://registry.npmjs.org/lodash.isplainobject cache-miss
36 silly fetch manifest lodash.isstring@^4.0.1
37 silly packumentCache full:https://registry.npmjs.org/lodash.isstring cache-miss
38 silly fetch manifest lodash.once@^4.0.0
39 silly packumentCache full:https://registry.npmjs.org/lodash.once cache-miss
40 silly fetch manifest ms@^2.1.1
41 silly packumentCache full:https://registry.npmjs.org/ms cache-miss
42 http fetch GET 200 https://registry.npmjs.org/jws 232ms (cache miss)
43 silly packumentCache full:https://registry.npmjs.org/jws set size:undefined disposed:false
44 silly fetch manifest semver@^7.5.4
45 silly packumentCache full:https://registry.npmjs.org/semver cache-miss
46 http fetch GET 200 https://registry.npmjs.org/semver 65ms (cache miss)
47 silly packumentCache full:https://registry.npmjs.org/semver set size:undefined disposed:false
48 http fetch GET 200 https://registry.npmjs.org/lodash.isnumber 783ms (cache miss)
49 silly packumentCache full:https://registry.npmjs.org/lodash.isnumber set size:undefined disposed:false
50 http fetch GET 200 https://registry.npmjs.org/lodash.isplainobject 787ms (cache miss)
51 silly packumentCache full:https://registry.npmjs.org/lodash.isplainobject set size:undefined disposed:false
52 http fetch GET 200 https://registry.npmjs.org/lodash.includes 789ms (cache miss)
53 silly packumentCache full:https://registry.npmjs.org/lodash.includes set size:undefined disposed:false
54 http fetch GET 200 https://registry.npmjs.org/ms 804ms (cache revalidated)
55 silly packumentCache full:https://registry.npmjs.org/ms set size:92208 disposed:false
56 http fetch GET 200 https://registry.npmjs.org/lodash.isstring 807ms (cache miss)
57 silly packumentCache full:https://registry.npmjs.org/lodash.isstring set size:undefined disposed:false
58 http fetch GET 200 https://registry.npmjs.org/lodash.isboolean 949ms (cache miss)
59 silly packumentCache full:https://registry.npmjs.org/lodash.isboolean set size:undefined disposed:false
60 http fetch GET 200 https://registry.npmjs.org/lodash.once 1008ms (cache miss)
61 silly packumentCache full:https://registry.npmjs.org/lodash.once set size:undefined disposed:false
62 http fetch GET 200 https://registry.npmjs.org/lodash.isinteger 1134ms (cache miss)
63 silly packumentCache full:https://registry.npmjs.org/lodash.isinteger set size:undefined disposed:false
64 silly placeDep ROOT jws@4.0.1 OK for: jsonwebtoken@9.0.3 want: ^4.0.1
65 silly placeDep ROOT lodash.includes@4.3.0 OK for: jsonwebtoken@9.0.3 want: ^4.3.0
66 silly placeDep ROOT lodash.isboolean@3.0.3 OK for: jsonwebtoken@9.0.3 want: ^3.0.3
67 silly placeDep ROOT lodash.isinteger@4.0.4 OK for: jsonwebtoken@9.0.3 want: ^4.0.4
68 silly placeDep ROOT lodash.isnumber@3.0.3 OK for: jsonwebtoken@9.0.3 want: ^3.0.3
69 silly placeDep ROOT lodash.isplainobject@4.0.6 OK for: jsonwebtoken@9.0.3 want: ^4.0.6
70 silly placeDep ROOT lodash.isstring@4.0.1 OK for: jsonwebtoken@9.0.3 want: ^4.0.1
71 silly placeDep ROOT lodash.once@4.1.1 OK for: jsonwebtoken@9.0.3 want: ^4.0.0
72 silly placeDep node_modules/jsonwebtoken ms@2.1.3 OK for: jsonwebtoken@9.0.3 want: ^2.1.1
73 silly placeDep ROOT semver@7.7.3 OK for: jsonwebtoken@9.0.3 want: ^7.5.4
74 silly fetch manifest jwa@^2.0.1
75 silly packumentCache full:https://registry.npmjs.org/jwa cache-miss
76 http fetch GET 200 https://registry.npmjs.org/jwa 102ms (cache miss)
77 silly packumentCache full:https://registry.npmjs.org/jwa set size:undefined disposed:false
78 silly placeDep ROOT jwa@2.0.1 OK for: jws@4.0.1 want: ^2.0.1
79 silly fetch manifest ecdsa-sig-formatter@1.0.11
80 silly packumentCache full:https://registry.npmjs.org/ecdsa-sig-formatter cache-miss
81 silly fetch manifest buffer-equal-constant-time@^1.0.1
82 silly packumentCache full:https://registry.npmjs.org/buffer-equal-constant-time cache-miss
83 http fetch GET 200 https://registry.npmjs.org/buffer-equal-constant-time 55ms (cache miss)
84 silly packumentCache full:https://registry.npmjs.org/buffer-equal-constant-time set size:undefined disposed:false
85 http fetch GET 200 https://registry.npmjs.org/ecdsa-sig-formatter 59ms (cache miss)
86 silly packumentCache full:https://registry.npmjs.org/ecdsa-sig-formatter set size:undefined disposed:false
87 silly placeDep ROOT buffer-equal-constant-time@1.0.1 OK for: jwa@2.0.1 want: ^1.0.1
88 silly placeDep ROOT ecdsa-sig-formatter@1.0.11 OK for: jwa@2.0.1 want: 1.0.11
89 silly reify moves {}
90 silly audit bulk request {
90 silly audit   '@cspotcode/source-map-support': [ '0.8.1' ],
90 silly audit   '@jridgewell/resolve-uri': [ '3.1.2' ],
90 silly audit   '@jridgewell/sourcemap-codec': [ '1.5.5' ],
90 silly audit   '@jridgewell/trace-mapping': [ '0.3.9' ],
90 silly audit   '@mongodb-js/saslprep': [ '1.4.4' ],
90 silly audit   '@tsconfig/node10': [ '1.0.12' ],
90 silly audit   '@tsconfig/node12': [ '1.0.11' ],
90 silly audit   '@tsconfig/node14': [ '1.0.3' ],
90 silly audit   '@tsconfig/node16': [ '1.0.4' ],
90 silly audit   '@types/body-parser': [ '1.19.6' ],
90 silly audit   '@types/connect': [ '3.4.38' ],
90 silly audit   '@types/cors': [ '2.8.19' ],
90 silly audit   '@types/express': [ '4.17.25' ],
90 silly audit   '@types/express-serve-static-core': [ '4.19.7' ],
90 silly audit   '@types/http-errors': [ '2.0.5' ],
90 silly audit   '@types/mime': [ '1.3.5' ],
90 silly audit   '@types/node': [ '22.19.3' ],
90 silly audit   '@types/qs': [ '6.14.0' ],
90 silly audit   '@types/range-parser': [ '1.2.7' ],
90 silly audit   '@types/send': [ '1.2.1', '0.17.6' ],
90 silly audit   '@types/serve-static': [ '1.15.10' ],
90 silly audit   '@types/strip-bom': [ '3.0.0' ],
90 silly audit   '@types/strip-json-comments': [ '0.0.30' ],
90 silly audit   '@types/webidl-conversions': [ '7.0.3' ],
90 silly audit   '@types/whatwg-url': [ '11.0.5' ],
90 silly audit   accepts: [ '1.3.8' ],
90 silly audit   acorn: [ '8.15.0' ],
90 silly audit   'acorn-walk': [ '8.3.4' ],
90 silly audit   anymatch: [ '3.1.3' ],
90 silly audit   arg: [ '4.1.3' ],
90 silly audit   'array-flatten': [ '1.1.1' ],
90 silly audit   'balanced-match': [ '1.0.2' ],
90 silly audit   'binary-extensions': [ '2.3.0' ],
90 silly audit   'body-parser': [ '1.20.4' ],
90 silly audit   'brace-expansion': [ '1.1.12' ],
90 silly audit   braces: [ '3.0.3' ],
90 silly audit   bson: [ '6.10.4' ],
90 silly audit   'buffer-from': [ '1.1.2' ],
90 silly audit   bytes: [ '3.1.2' ],
90 silly audit   'call-bind-apply-helpers': [ '1.0.2' ],
90 silly audit   'call-bound': [ '1.0.4' ],
90 silly audit   chokidar: [ '3.6.0' ],
90 silly audit   'concat-map': [ '0.0.1' ],
90 silly audit   'content-disposition': [ '0.5.4' ],
90 silly audit   'content-type': [ '1.0.5' ],
90 silly audit   cookie: [ '0.7.2' ],
90 silly audit   'cookie-signature': [ '1.0.7' ],
90 silly audit   cors: [ '2.8.5' ],
90 silly audit   'create-require': [ '1.1.1' ],
90 silly audit   debug: [ '2.6.9', '4.4.3' ],
90 silly audit   depd: [ '2.0.0' ],
90 silly audit   destroy: [ '1.2.0' ],
90 silly audit   diff: [ '4.0.2' ],
90 silly audit   dotenv: [ '16.6.1' ],
90 silly audit   'dunder-proto': [ '1.0.1' ],
90 silly audit   'dynamic-dedupe': [ '0.3.0' ],
90 silly audit   'ee-first': [ '1.1.1' ],
90 silly audit   encodeurl: [ '2.0.0' ],
90 silly audit   'es-define-property': [ '1.0.1' ],
90 silly audit   'es-errors': [ '1.3.0' ],
90 silly audit   'es-object-atoms': [ '1.1.1' ],
90 silly audit   'escape-html': [ '1.0.3' ],
90 silly audit   etag: [ '1.8.1' ],
90 silly audit   express: [ '4.22.1' ],
90 silly audit   'fill-range': [ '7.1.1' ],
90 silly audit   finalhandler: [ '1.3.2' ],
90 silly audit   forwarded: [ '0.2.0' ],
90 silly audit   fresh: [ '0.5.2' ],
90 silly audit   'fs.realpath': [ '1.0.0' ],
90 silly audit   fsevents: [ '2.3.3' ],
90 silly audit   'function-bind': [ '1.1.2' ],
90 silly audit   'get-intrinsic': [ '1.3.0' ],
90 silly audit   'get-proto': [ '1.0.1' ],
90 silly audit   glob: [ '7.2.3' ],
90 silly audit   'glob-parent': [ '5.1.2' ],
90 silly audit   gopd: [ '1.2.0' ],
90 silly audit   'has-symbols': [ '1.1.0' ],
90 silly audit   hasown: [ '2.0.2' ],
90 silly audit   'http-errors': [ '2.0.1' ],
90 silly audit   'iconv-lite': [ '0.4.24' ],
90 silly audit   inflight: [ '1.0.6' ],
90 silly audit   inherits: [ '2.0.4' ],
90 silly audit   'ipaddr.js': [ '1.9.1' ],
90 silly audit   'is-binary-path': [ '2.1.0' ],
90 silly audit   'is-core-module': [ '2.16.1' ],
90 silly audit   'is-extglob': [ '2.1.1' ],
90 silly audit   'is-glob': [ '4.0.3' ],
90 silly audit   'is-number': [ '7.0.0' ],
90 silly audit   kareem: [ '2.6.3' ],
90 silly audit   'make-error': [ '1.3.6' ],
90 silly audit   'math-intrinsics': [ '1.1.0' ],
90 silly audit   'media-typer': [ '0.3.0' ],
90 silly audit   'memory-pager': [ '1.5.0' ],
90 silly audit   'merge-descriptors': [ '1.0.3' ],
90 silly audit   methods: [ '1.1.2' ],
90 silly audit   mime: [ '1.6.0' ],
90 silly audit   'mime-db': [ '1.52.0' ],
90 silly audit   'mime-types': [ '2.1.35' ],
90 silly audit   minimatch: [ '3.1.2' ],
90 silly audit   minimist: [ '1.2.8' ],
90 silly audit   mkdirp: [ '1.0.4' ],
90 silly audit   mongodb: [ '6.20.0' ],
90 silly audit   'mongodb-connection-string-url': [ '3.0.2' ],
90 silly audit   mongoose: [ '8.20.4' ],
90 silly audit   ms: [ '2.1.3', '2.0.0' ],
90 silly audit   mpath: [ '0.9.0' ],
90 silly audit   mquery: [ '5.0.0' ],
90 silly audit   negotiator: [ '0.6.3' ],
90 silly audit   'normalize-path': [ '3.0.0' ],
90 silly audit   'object-assign': [ '4.1.1' ],
90 silly audit   'object-inspect': [ '1.13.4' ],
90 silly audit   'on-finished': [ '2.4.1' ],
90 silly audit   once: [ '1.4.0' ],
90 silly audit   parseurl: [ '1.3.3' ],
90 silly audit   'path-is-absolute': [ '1.0.1' ],
90 silly audit   'path-parse': [ '1.0.7' ],
90 silly audit   'path-to-regexp': [ '0.1.12' ],
90 silly audit   picomatch: [ '2.3.1' ],
90 silly audit   'proxy-addr': [ '2.0.7' ],
90 silly audit   punycode: [ '2.3.1' ],
90 silly audit   qs: [ '6.14.0' ],
90 silly audit   'range-parser': [ '1.2.1' ],
90 silly audit   'raw-body': [ '2.5.3' ],
90 silly audit   readdirp: [ '3.6.0' ],
90 silly audit   resolve: [ '1.22.11' ],
90 silly audit   rimraf: [ '2.7.1' ],
90 silly audit   'safe-buffer': [ '5.2.1' ],
90 silly audit   'safer-buffer': [ '2.1.2' ],
90 silly audit   send: [ '0.19.2' ],
90 silly audit   'serve-static': [ '1.16.3' ],
90 silly audit   setprototypeof: [ '1.2.0' ],
90 silly audit   'side-channel': [ '1.1.0' ],
90 silly audit   'side-channel-list': [ '1.0.0' ],
90 silly audit   'side-channel-map': [ '1.0.1' ],
90 silly audit   'side-channel-weakmap': [ '1.0.2' ],
90 silly audit   sift: [ '17.1.3' ],
90 silly audit   'source-map': [ '0.6.1' ],
90 silly audit   'source-map-support': [ '0.5.21' ],
90 silly audit   'sparse-bitfield': [ '3.0.3' ],
90 silly audit   statuses: [ '2.0.2' ],
90 silly audit   'strip-bom': [ '3.0.0' ],
90 silly audit   'strip-json-comments': [ '2.0.1' ],
90 silly audit   'supports-preserve-symlinks-flag': [ '1.0.0' ],
90 silly audit   'to-regex-range': [ '5.0.1' ],
90 silly audit   toidentifier: [ '1.0.1' ],
90 silly audit   tr46: [ '5.1.1' ],
90 silly audit   'tree-kill': [ '1.2.2' ],
90 silly audit   'ts-node': [ '10.9.2' ],
90 silly audit   'ts-node-dev': [ '2.0.0' ],
90 silly audit   tsconfig: [ '7.0.0' ],
90 silly audit   'type-is': [ '1.6.18' ],
90 silly audit   typescript: [ '5.9.3' ],
90 silly audit   'undici-types': [ '6.21.0' ],
90 silly audit   unpipe: [ '1.0.0' ],
90 silly audit   'utils-merge': [ '1.0.1' ],
90 silly audit   'v8-compile-cache-lib': [ '3.0.1' ],
90 silly audit   vary: [ '1.1.2' ],
90 silly audit   'webidl-conversions': [ '7.0.0' ],
90 silly audit   'whatwg-url': [ '14.2.0' ],
90 silly audit   wrappy: [ '1.0.2' ],
90 silly audit   xtend: [ '4.0.2' ],
90 silly audit   yn: [ '3.1.1' ],
90 silly audit   bcryptjs: [ '3.0.3' ],
90 silly audit   jsonwebtoken: [ '9.0.3' ],
90 silly audit   jws: [ '4.0.1' ],
90 silly audit   'lodash.includes': [ '4.3.0' ],
90 silly audit   'lodash.isboolean': [ '3.0.3' ],
90 silly audit   'lodash.isinteger': [ '4.0.4' ],
90 silly audit   'lodash.isnumber': [ '3.0.3' ],
90 silly audit   'lodash.isplainobject': [ '4.0.6' ],
90 silly audit   'lodash.isstring': [ '4.0.1' ],
90 silly audit   'lodash.once': [ '4.1.1' ],
90 silly audit   semver: [ '7.7.3' ],
90 silly audit   jwa: [ '2.0.1' ],
90 silly audit   'buffer-equal-constant-time': [ '1.0.1' ],
90 silly audit   'ecdsa-sig-formatter': [ '1.0.11' ]
90 silly audit }
91 http cache ecdsa-sig-formatter@https://registry.npmjs.org/ecdsa-sig-formatter/-/ecdsa-sig-formatter-1.0.11.tgz 0ms (cache hit)
92 http cache buffer-equal-constant-time@https://registry.npmjs.org/buffer-equal-constant-time/-/buffer-equal-constant-time-1.0.1.tgz 0ms (cache hit)
93 http cache semver@https://registry.npmjs.org/semver/-/semver-7.7.3.tgz 0ms (cache hit)
94 http cache lodash.isstring@https://registry.npmjs.org/lodash.isstring/-/lodash.isstring-4.0.1.tgz 0ms (cache hit)
95 http cache lodash.once@https://registry.npmjs.org/lodash.once/-/lodash.once-4.1.1.tgz 0ms (cache hit)
96 http cache jwa@https://registry.npmjs.org/jwa/-/jwa-2.0.1.tgz 0ms (cache hit)
97 http cache lodash.isplainobject@https://registry.npmjs.org/lodash.isplainobject/-/lodash.isplainobject-4.0.6.tgz 0ms (cache hit)
98 http cache lodash.isnumber@https://registry.npmjs.org/lodash.isnumber/-/lodash.isnumber-3.0.3.tgz 0ms (cache hit)
99 http cache lodash.isinteger@https://registry.npmjs.org/lodash.isinteger/-/lodash.isinteger-4.0.4.tgz 0ms (cache hit)
100 http cache lodash.isboolean@https://registry.npmjs.org/lodash.isboolean/-/lodash.isboolean-3.0.3.tgz 0ms (cache hit)
101 http cache lodash.includes@https://registry.npmjs.org/lodash.includes/-/lodash.includes-4.3.0.tgz 0ms (cache hit)
102 http cache jws@https://registry.npmjs.org/jws/-/jws-4.0.1.tgz 0ms (cache hit)
103 http cache bcryptjs@https://registry.npmjs.org/bcryptjs/-/bcryptjs-3.0.3.tgz 0ms (cache hit)
104 http cache jsonwebtoken@https://registry.npmjs.org/jsonwebtoken/-/jsonwebtoken-9.0.3.tgz 0ms (cache hit)
105 http cache ms@https://registry.npmjs.org/ms/-/ms-2.1.3.tgz 0ms (cache hit)
106 silly tarball no local data for ecdsa-sig-formatter@https://registry.npmjs.org/ecdsa-sig-formatter/-/ecdsa-sig-formatter-1.0.11.tgz. Extracting by manifest.
107 silly tarball no local data for buffer-equal-constant-time@https://registry.npmjs.org/buffer-equal-constant-time/-/buffer-equal-constant-time-1.0.1.tgz. Extracting by manifest.
108 silly tarball no local data for semver@https://registry.npmjs.org/semver/-/semver-7.7.3.tgz. Extracting by manifest.
109 silly tarball no local data for lodash.isstring@https://registry.npmjs.org/lodash.isstring/-/lodash.isstring-4.0.1.tgz. Extracting by manifest.
110 silly tarball no local data for lodash.once@https://registry.npmjs.org/lodash.once/-/lodash.once-4.1.1.tgz. Extracting by manifest.
111 silly tarball no local data for jwa@https://registry.npmjs.org/jwa/-/jwa-2.0.1.tgz. Extracting by manifest.
112 silly tarball no local data for lodash.isplainobject@https://registry.npmjs.org/lodash.isplainobject/-/lodash.isplainobject-4.0.6.tgz. Extracting by manifest.
113 silly tarball no local data for lodash.isnumber@https://registry.npmjs.org/lodash.isnumber/-/lodash.isnumber-3.0.3.tgz. Extracting by manifest.
114 silly tarball no local data for lodash.isinteger@https://registry.npmjs.org/lodash.isinteger/-/lodash.isinteger-4.0.4.tgz. Extracting by manifest.
115 silly tarball no local data for lodash.isboolean@https://registry.npmjs.org/lodash.isboolean/-/lodash.isboolean-3.0.3.tgz. Extracting by manifest.
116 silly tarball no local data for lodash.includes@https://registry.npmjs.org/lodash.includes/-/lodash.includes-4.3.0.tgz. Extracting by manifest.
117 silly tarball no local data for jws@https://registry.npmjs.org/jws/-/jws-4.0.1.tgz. Extracting by manifest.
118 silly tarball no local data for bcryptjs@https://registry.npmjs.org/bcryptjs/-/bcryptjs-3.0.3.tgz. Extracting by manifest.
119 silly tarball no local data for jsonwebtoken@https://registry.npmjs.org/jsonwebtoken/-/jsonwebtoken-9.0.3.tgz. Extracting by manifest.
120 http fetch GET 200 https://registry.npmjs.org/jwa/-/jwa-2.0.1.tgz 70ms (cache miss)
121 http fetch GET 200 https://registry.npmjs.org/lodash.once/-/lodash.once-4.1.1.tgz 72ms (cache miss)
122 http fetch GET 200 https://registry.npmjs.org/lodash.isnumber/-/lodash.isnumber-3.0.3.tgz 71ms (cache miss)
123 http fetch GET 200 https://registry.npmjs.org/lodash.isplainobject/-/lodash.isplainobject-4.0.6.tgz 71ms (cache miss)
124 http fetch GET 200 https://registry.npmjs.org/buffer-equal-constant-time/-/buffer-equal-constant-time-1.0.1.tgz 72ms (cache miss)
125 http fetch GET 200 https://registry.npmjs.org/lodash.isstring/-/lodash.isstring-4.0.1.tgz 72ms (cache miss)
126 http fetch GET 200 https://registry.npmjs.org/ecdsa-sig-formatter/-/ecdsa-sig-formatter-1.0.11.tgz 74ms (cache miss)
127 http fetch GET 200 https://registry.npmjs.org/semver/-/semver-7.7.3.tgz 97ms (cache miss)
128 http fetch POST 200 https://registry.npmjs.org/-/npm/v1/security/advisories/bulk 212ms
129 silly audit report {}
130 http fetch GET 200 https://registry.npmjs.org/bcryptjs/-/bcryptjs-3.0.3.tgz 644ms (cache miss)
131 http fetch GET 200 https://registry.npmjs.org/lodash.includes/-/lodash.includes-4.3.0.tgz 662ms (cache miss)
132 http fetch GET 200 https://registry.npmjs.org/jws/-/jws-4.0.1.tgz 664ms (cache miss)
133 http fetch GET 200 https://registry.npmjs.org/jsonwebtoken/-/jsonwebtoken-9.0.3.tgz 666ms (cache miss)
134 http fetch GET 200 https://registry.npmjs.org/lodash.isboolean/-/lodash.isboolean-3.0.3.tgz 680ms (cache miss)
135 http fetch GET 200 https://registry.npmjs.org/lodash.isinteger/-/lodash.isinteger-4.0.4.tgz 923ms (cache miss)
136 silly ADD node_modules/ecdsa-sig-formatter
137 silly ADD node_modules/buffer-equal-constant-time
138 silly ADD node_modules/jwa
139 silly ADD node_modules/semver
140 silly ADD node_modules/lodash.once
141 silly ADD node_modules/lodash.isstring
142 silly ADD node_modules/lodash.isplainobject
143 silly ADD node_modules/lodash.isnumber
144 silly ADD node_modules/lodash.isinteger
145 silly ADD node_modules/lodash.isboolean
146 silly ADD node_modules/lodash.includes
147 silly ADD node_modules/jws
148 silly ADD node_modules/jsonwebtoken
149 silly ADD node_modules/jsonwebtoken/node_modules/ms
150 silly ADD node_modules/bcryptjs
151 verbose cwd /Users/longduong/Learning/react_ecom/server
152 verbose os Darwin 25.2.0
153 verbose node v25.2.1
154 verbose npm  v11.6.2
155 verbose exit 0
156 info ok
